<?xml version="1.0" encoding="UTF-8"?>
<testng-results ignored="0" total="1" passed="1" failed="0" skipped="0">
  <reporter-output>
  </reporter-output>
  <suite started-at="2025-01-27T19:28:54 GET" name="Command line suite" finished-at="2025-01-27T19:29:10 GET" duration-ms="15397">
    <groups>
    </groups>
    <test started-at="2025-01-27T19:28:54 GET" name="Command line test" finished-at="2025-01-27T19:29:10 GET" duration-ms="15397">
      <class name="tests.WikipediaDownloadTest">
        <test-method is-config="true" signature="setup()[pri:0, instance:tests.WikipediaDownloadTest@378bd86d]" started-at="2025-01-27T19:28:54 GET" name="setup" finished-at="2025-01-27T19:29:05 GET" duration-ms="10275" status="PASS">
          <reporter-output>
          </reporter-output>
        </test-method> <!-- setup -->
        <test-method signature="wikipediaDownloadTest()[pri:0, instance:tests.WikipediaDownloadTest@378bd86d]" started-at="2025-01-27T19:29:05 GET" name="wikipediaDownloadTest" finished-at="2025-01-27T19:29:09 GET" duration-ms="4929" status="PASS">
          <reporter-output>
          </reporter-output>
        </test-method> <!-- wikipediaDownloadTest -->
        <test-method is-config="true" signature="deleteFile()[pri:0, instance:tests.WikipediaDownloadTest@378bd86d]" started-at="2025-01-27T19:29:09 GET" name="deleteFile" finished-at="2025-01-27T19:29:09 GET" duration-ms="2" status="PASS">
          <reporter-output>
          </reporter-output>
        </test-method> <!-- deleteFile -->
        <test-method is-config="true" signature="teardown()[pri:0, instance:tests.WikipediaDownloadTest@378bd86d]" started-at="2025-01-27T19:29:09 GET" name="teardown" finished-at="2025-01-27T19:29:10 GET" duration-ms="140" status="PASS">
          <reporter-output>
          </reporter-output>
        </test-method> <!-- teardown -->
      </class> <!-- tests.WikipediaDownloadTest -->
    </test> <!-- Command line test -->
  </suite> <!-- Command line suite -->
</testng-results>
